[0, -51.56] AVG: -435.41
[1, -27.72] AVG: -246.79
[2, -11.39] AVG: -162.67
[3, -3.02] AVG: -91.04
[4, -0.44] AVG: -42.15
[5, 2.10] AVG: -27.30
[6, 2.15] AVG: -16.64
[7, 3.00] AVG: -7.57
[8, 3.30] AVG: -5.08
[9, 3.30] AVG: -2.84
[10, 4.10] AVG: -1.52
[11, 3.30] AVG: -0.15
[12, 3.40] AVG: 1.23
[13, 3.70] AVG: 2.24
[14, 4.60] AVG: 2.28
[15, 4.60] AVG: 2.44
[16, 5.00] AVG: 1.70
[17, 5.25] AVG: 2.51
[18, 5.70] AVG: 2.96
[19, 5.50] AVG: 3.27
[20, 6.10] AVG: 2.80
[21, 6.40] AVG: 4.08
[22, 6.30] AVG: 3.14
[23, 5.90] AVG: 4.16
[24, 6.20] AVG: 4.26
[25, 6.20] AVG: 4.30
[26, 6.50] AVG: 4.20
[27, 6.70] AVG: 4.35
[28, 6.60] AVG: 4.22
[29, 7.20] AVG: 4.67
[30, 7.20] AVG: 4.74
[31, 7.30] AVG: 4.74
[32, 7.10] AVG: 4.98
[33, 7.30] AVG: 5.55
[34, 7.50] AVG: 5.50
[35, 7.60] AVG: 4.63
[36, 7.90] AVG: 5.60
[37, 8.00] AVG: 5.39
[38, 8.80] AVG: 5.69
[39, 8.60] AVG: 4.86
[40, 8.90] AVG: 5.76
[41, 9.50] AVG: 5.95
[42, 8.60] AVG: 6.18
[43, 8.20] AVG: 6.21
[44, 8.50] AVG: 6.21
[45, 8.75] AVG: 6.24
[46, 8.60] AVG: 4.99
[47, 9.40] AVG: 5.90
[48, 9.60] AVG: 3.24
[49, 9.30] AVG: 6.36
[50, 9.40] AVG: 4.26
[51, 10.90] AVG: 5.33
[52, 8.85] AVG: 6.13
[53, 9.90] AVG: 5.08
[54, 9.10] AVG: 5.76
[55, 9.85] AVG: 5.84
[56, 9.95] AVG: 6.16
[57, 9.70] AVG: 5.44
[58, 9.80] AVG: 6.41
[59, 10.00] AVG: 6.00
[60, 10.40] AVG: 6.26
[61, 10.10] AVG: 5.10
[62, 10.50] AVG: 6.43
[63, 11.60] AVG: 6.18
[64, 11.65] AVG: 4.04
[65, 11.00] AVG: 4.72
[66, 11.65] AVG: 4.28
[67, 11.50] AVG: 6.05
[68, 13.50] AVG: 5.57
[69, 11.55] AVG: 6.31
[70, 12.35] AVG: 6.00
[71, 13.40] AVG: 4.52
[72, 13.20] AVG: 6.18
[73, 13.30] AVG: 4.91
[74, 13.30] AVG: 5.69
[75, 13.00] AVG: 6.48
[76, 14.35] AVG: 7.49
[77, 12.90] AVG: 7.30
[78, 13.80] AVG: 7.41
[79, 13.45] AVG: 8.25
[80, 13.20] AVG: 8.14
[81, 13.70] AVG: 8.58
[82, 14.50] AVG: 8.09
[83, 13.92] AVG: 8.54
[84, 13.25] AVG: 6.35
[85, 14.60] AVG: 8.15
[86, 14.90] AVG: 8.80
[87, 15.25] AVG: 7.78
[88, 14.80] AVG: 6.09
[89, 14.80] AVG: 7.67
[90, 14.20] AVG: 7.49
[91, 14.60] AVG: 8.09
[92, 14.40] AVG: 5.56
[93, 14.65] AVG: 8.50
[94, 14.50] AVG: 8.09
[95, 15.60] AVG: 7.48
[96, 15.50] AVG: 7.63
[97, 14.60] AVG: 5.69
[98, 15.15] AVG: 7.64
[99, 14.60] AVG: 7.98
[100, 14.55] AVG: 7.86
[101, 14.80] AVG: 7.61
[102, 15.20] AVG: 6.70
[103, 15.35] AVG: 5.64
[104, 14.75] AVG: 7.24
[105, 17.30] AVG: 7.97
[106, 17.10] AVG: 5.82
[107, 16.50] AVG: 8.32
[108, 18.90] AVG: 5.97
[109, 17.80] AVG: 5.18
[110, 18.40] AVG: 8.13
[111, 18.90] AVG: 6.93
[112, 18.80] AVG: 8.24
[113, 18.85] AVG: 9.05
[114, 19.45] AVG: 8.71
[115, 19.10] AVG: 9.71
[116, 18.75] AVG: 9.22
[117, 18.95] AVG: 10.29
[118, 19.05] AVG: 10.48
[119, 18.95] AVG: 10.85
[120, 19.10] AVG: 10.66
[121, 20.20] AVG: 8.87
[122, 19.90] AVG: 11.55
[123, 20.05] AVG: 9.95
[124, 19.95] AVG: 9.95
[125, 19.80] AVG: 10.85
[126, 19.74] AVG: 10.29
[127, 20.70] AVG: 9.91
[128, 20.30] AVG: 9.01
[129, 20.65] AVG: 11.61
[130, 19.20] AVG: 11.50
[131, 19.95] AVG: 11.25
[132, 20.80] AVG: 12.46
[133, 22.66] AVG: 11.56
[134, 21.00] AVG: 12.53
[135, 21.20] AVG: 12.37
[136, 20.75] AVG: 14.20
[137, 20.95] AVG: 12.98
[138, 22.15] AVG: 15.42
[139, 21.94] AVG: 16.82
[140, 22.40] AVG: 17.52
[141, 23.45] AVG: 17.46
[142, 24.20] AVG: 17.94
[143, 23.45] AVG: 17.57
[144, 24.60] AVG: 17.34
[145, 22.30] AVG: 17.51
[146, 24.30] AVG: 17.66
[147, 23.55] AVG: 17.45
[148, 23.90] AVG: 18.02
[149, 23.60] AVG: 16.52
[150, 24.15] AVG: 16.32
[151, 23.85] AVG: 18.03
[152, 23.30] AVG: 17.76
[153, 25.30] AVG: 18.49
[154, 23.80] AVG: 18.15
[155, 24.00] AVG: 17.95
[156, 26.73] AVG: 19.05
[157, 24.85] AVG: 18.27
[158, 27.50] AVG: 15.56
[159, 26.42] AVG: 19.58
[160, 29.30] AVG: 19.20
[161, 29.65] AVG: 20.88
[162, 29.90] AVG: 21.64
[163, 30.35] AVG: 21.83
[164, 31.75] AVG: 22.14
[165, 30.60] AVG: 22.68
[166, 29.85] AVG: 21.65
[167, 30.40] AVG: 23.03
[168, 30.75] AVG: 23.15
[169, 29.95] AVG: 22.28
[170, 31.40] AVG: 21.12
[171, 32.20] AVG: 20.09
[172, 31.81] AVG: 23.51
[173, 31.60] AVG: 23.32
[174, 34.40] AVG: 24.12
[175, 31.75] AVG: 23.73
[176, 32.55] AVG: 23.20
[177, 32.75] AVG: 22.44
[178, 32.78] AVG: 24.54
[179, 33.89] AVG: 24.87
[180, 34.25] AVG: 25.08
[181, 35.25] AVG: 23.33
[182, 34.40] AVG: 25.76
[183, 37.20] AVG: 25.91
[184, 35.13] AVG: 26.57
[185, 36.55] AVG: 26.67
[186, 34.30] AVG: 26.21
[187, 34.55] AVG: 27.14
[188, 35.85] AVG: 26.85
[189, 38.65] AVG: 27.11
[190, 36.25] AVG: 27.36
[191, 36.40] AVG: 25.08
[192, 36.80] AVG: 24.23
[193, 35.36] AVG: 27.23
[194, 35.50] AVG: 28.34
[195, 36.25] AVG: 28.42
[196, 37.00] AVG: 29.05
[197, 36.55] AVG: 28.34
[198, 36.40] AVG: 27.78
[199, 36.85] AVG: 29.40
[200, 36.95] AVG: 28.92
[201, 37.40] AVG: 29.59
[202, 36.06] AVG: 28.58
[203, 36.75] AVG: 28.81
[204, 37.55] AVG: 29.45
[205, 37.85] AVG: 29.48
[206, 37.80] AVG: 28.19
[207, 37.85] AVG: 27.56
[208, 37.05] AVG: 28.18
[209, 37.55] AVG: 29.78
[210, 36.55] AVG: 29.80
[211, 35.95] AVG: 30.10
[212, 38.00] AVG: 30.86
[213, 38.15] AVG: 30.48
[214, 40.00] AVG: 30.96
[215, 37.60] AVG: 27.84
[216, 39.30] AVG: 30.97
[217, 40.80] AVG: 31.09
[218, 41.00] AVG: 30.98
[219, 41.50] AVG: 32.34
[220, 41.40] AVG: 33.40
[221, 41.35] AVG: 32.71
[222, 42.80] AVG: 32.75
[223, 42.60] AVG: 34.20
[224, 42.80] AVG: 35.37
[225, 45.90] AVG: 36.09
[226, 46.10] AVG: 37.35
[227, 44.70] AVG: 36.38
[228, 46.60] AVG: 37.29
[229, 49.15] AVG: 38.54
[230, 48.65] AVG: 39.68
[231, 52.75] AVG: 38.25
[232, 51.40] AVG: 39.56
[233, 51.70] AVG: 39.79
[234, 53.45] AVG: 43.07
[235, 60.50] AVG: 44.15
[236, 54.90] AVG: 43.85
[237, 55.99] AVG: 45.34
[238, 62.20] AVG: 46.24
[239, 63.25] AVG: 48.74
[240, 59.70] AVG: 48.27
[241, 61.26] AVG: 49.07
[242, 60.45] AVG: 48.47
[243, 59.95] AVG: 49.20
[244, 60.20] AVG: 49.07
[245, 62.70] AVG: 50.11
[246, 59.80] AVG: 49.92
[247, 62.50] AVG: 45.72
[248, 64.20] AVG: 51.32
[249, 63.45] AVG: 51.30
[250, 66.04] AVG: 52.28
[251, 63.50] AVG: 52.08
[252, 64.10] AVG: 52.77
[253, 64.85] AVG: 52.41
[254, 65.06] AVG: 52.05
[255, 62.80] AVG: 52.30
[256, 64.90] AVG: 51.96
[257, 65.30] AVG: 52.65
[258, 64.40] AVG: 52.26
[259, 64.15] AVG: 53.17
[260, 65.21] AVG: 53.01
[261, 62.55] AVG: 52.32
[262, 62.10] AVG: 53.78
[263, 67.45] AVG: 53.72
[264, 67.05] AVG: 53.38
[265, 64.20] AVG: 53.36
[266, 67.90] AVG: 55.47
[267, 67.44] AVG: 55.68
[268, 68.90] AVG: 55.61
[269, 70.95] AVG: 55.78
[270, 68.10] AVG: 53.62
[271, 70.55] AVG: 56.00
[272, 67.20] AVG: 54.81
[273, 68.87] AVG: 54.35
[274, 73.00] AVG: 56.47
[275, 70.50] AVG: 55.37
[276, 72.55] AVG: 57.24
[277, 76.80] AVG: 56.89
[278, 78.70] AVG: 56.28
[279, 79.75] AVG: 59.12
[280, 81.38] AVG: 64.34
[281, 84.05] AVG: 64.54
[282, 80.40] AVG: 64.93
[283, 83.75] AVG: 65.39
[284, 83.28] AVG: 67.92
[285, 84.09] AVG: 66.96
[286, 83.15] AVG: 66.33
[287, 83.60] AVG: 67.23
[288, 84.66] AVG: 67.22
[289, 85.38] AVG: 67.70
[290, 85.43] AVG: 67.05
[291, 85.68] AVG: 67.99
[292, 85.70] AVG: 67.82
[293, 84.60] AVG: 63.85
[294, 84.80] AVG: 67.83
[295, 86.90] AVG: 64.38
[296, 81.85] AVG: 67.30
[297, 92.85] AVG: 67.40
[298, 95.83] AVG: 68.94
[299, 90.60] AVG: 69.98
[300, 93.28] AVG: 72.42
[301, 97.75] AVG: 76.69
[302, 97.30] AVG: 77.53
[303, 105.29] AVG: 77.90
[304, 102.35] AVG: 81.34
[305, 107.56] AVG: 82.40
[306, 103.67] AVG: 84.88
[307, 102.01] AVG: 84.95
[308, 107.51] AVG: 85.08
[309, 105.54] AVG: 85.93
[310, 106.35] AVG: 84.23
[311, 106.30] AVG: 84.77
[312, 106.67] AVG: 85.75
[313, 109.87] AVG: 83.75
[314, 106.40] AVG: 86.06
[315, 103.31] AVG: 84.05
[316, 105.90] AVG: 85.61
[317, 108.73] AVG: 85.56
[318, 105.53] AVG: 86.33
[319, 113.79] AVG: 86.07
[320, 106.75] AVG: 84.68
[321, 106.75] AVG: 86.18
[322, 107.92] AVG: 86.97
[323, 106.63] AVG: 86.77
[324, 106.12] AVG: 84.87
[325, 110.65] AVG: 85.63
[326, 109.26] AVG: 85.89
[327, 112.30] AVG: 86.88
[328, 110.01] AVG: 89.66
[329, 115.85] AVG: 89.66
[330, 108.95] AVG: 88.88
[331, 115.00] AVG: 90.57
[332, 116.10] AVG: 91.93
[333, 110.18] AVG: 91.99
[334, 113.15] AVG: 89.74
[335, 114.02] AVG: 86.11
[336, 109.67] AVG: 91.19
[337, 115.60] AVG: 91.01
[338, 112.83] AVG: 90.57
[339, 111.68] AVG: 92.25
[340, 117.55] AVG: 92.07
[341, 115.26] AVG: 91.12
[342, 115.05] AVG: 92.73
[343, 111.53] AVG: 94.03
[344, 119.35] AVG: 93.76
[345, 114.24] AVG: 95.60
[346, 119.50] AVG: 96.61
[347, 115.46] AVG: 94.27
[348, 118.87] AVG: 95.81
[349, 119.46] AVG: 92.57
[350, 118.50] AVG: 96.03
[351, 114.79] AVG: 95.52
[352, 113.12] AVG: 94.76
[353, 119.64] AVG: 94.73
[354, 121.49] AVG: 94.79
[355, 116.40] AVG: 96.77
[356, 114.95] AVG: 96.15
[357, 118.00] AVG: 95.77
[358, 123.75] AVG: 96.17
[359, 121.56] AVG: 97.26
[360, 117.95] AVG: 96.57
[361, 117.65] AVG: 97.54
[362, 115.10] AVG: 96.20
[363, 116.46] AVG: 96.54
[364, 122.22] AVG: 97.03
[365, 124.24] AVG: 96.51
[366, 119.26] AVG: 97.46
[367, 119.15] AVG: 96.65
[368, 115.74] AVG: 97.33
[369, 123.87] AVG: 98.40
[370, 120.07] AVG: 100.14
[371, 120.71] AVG: 98.90
[372, 123.25] AVG: 99.02
[373, 118.20] AVG: 98.41
[374, 120.65] AVG: 98.37
[375, 121.28] AVG: 98.92
[376, 123.45] AVG: 98.74
[377, 116.34] AVG: 98.20
[378, 124.25] AVG: 99.77
[379, 124.24] AVG: 97.69
[380, 123.69] AVG: 100.03
[381, 126.01] AVG: 99.98
[382, 126.70] AVG: 99.13
[383, 118.50] AVG: 98.70
[384, 119.01] AVG: 99.42
[385, 116.98] AVG: 99.36
[386, 122.58] AVG: 97.55
[387, 117.71] AVG: 99.19
[388, 122.66] AVG: 101.52
[389, 124.15] AVG: 99.50
[390, 122.15] AVG: 97.59
[391, 124.54] AVG: 96.18
[392, 125.85] AVG: 98.65
[393, 125.06] AVG: 102.71
[394, 124.55] AVG: 102.20
[395, 126.40] AVG: 102.33
[396, 121.20] AVG: 102.55
[397, 124.25] AVG: 98.53
[398, 123.55] AVG: 102.87
[399, 120.91] AVG: 103.66
[400, 127.25] AVG: 104.37
[401, 125.35] AVG: 105.21
[402, 132.87] AVG: 106.06
[403, 130.80] AVG: 105.98
[404, 126.15] AVG: 106.51
[405, 124.71] AVG: 106.96
[406, 139.56] AVG: 107.58
[407, 135.15] AVG: 107.76
[408, 129.65] AVG: 107.87
[409, 129.50] AVG: 105.97
[410, 135.00] AVG: 106.68
[411, 136.25] AVG: 106.35
[412, 129.95] AVG: 105.74
[413, 128.00] AVG: 109.03
[414, 127.85] AVG: 109.24
[415, 126.00] AVG: 109.15
[416, 130.60] AVG: 108.96
[417, 131.85] AVG: 107.13
[418, 129.90] AVG: 107.10
[419, 134.96] AVG: 110.33
[420, 133.35] AVG: 107.75
[421, 131.21] AVG: 108.25
[422, 127.54] AVG: 109.04
[423, 130.95] AVG: 108.52
[424, 136.75] AVG: 107.22
[425, 138.25] AVG: 109.31
[426, 131.55] AVG: 107.26
[427, 131.52] AVG: 109.51
[428, 137.10] AVG: 107.84
[429, 129.86] AVG: 106.83
[430, 132.50] AVG: 108.11
[431, 135.75] AVG: 108.78
[432, 129.30] AVG: 110.19
[433, 136.30] AVG: 108.75
[434, 128.35] AVG: 107.50
[435, 129.55] AVG: 109.18
[436, 127.40] AVG: 109.44
[437, 131.95] AVG: 106.79
[438, 132.30] AVG: 109.25
[439, 128.30] AVG: 107.78
[440, 129.60] AVG: 108.52
[441, 128.75] AVG: 106.38
[442, 133.65] AVG: 110.34
[443, 134.35] AVG: 109.82
[444, 131.20] AVG: 110.39
[445, 131.35] AVG: 109.99
[446, 130.40] AVG: 107.50
[447, 129.10] AVG: 109.99
[448, 131.15] AVG: 107.31
[449, 129.85] AVG: 107.37
[450, 133.80] AVG: 110.61
[451, 135.80] AVG: 109.39
[452, 128.75] AVG: 109.73
[453, 132.20] AVG: 106.55
[454, 133.10] AVG: 109.56
[455, 143.30] AVG: 109.49
[456, 133.20] AVG: 109.40
[457, 133.35] AVG: 106.88
[458, 134.10] AVG: 108.67
[459, 138.90] AVG: 108.56
[460, 130.75] AVG: 109.47
[461, 139.80] AVG: 111.40
[462, 131.95] AVG: 111.45
[463, 134.55] AVG: 104.91
[464, 136.85] AVG: 112.38
[465, 139.60] AVG: 110.37
[466, 130.25] AVG: 111.57
[467, 130.15] AVG: 111.49
[468, 131.55] AVG: 106.52
[469, 136.15] AVG: 111.41
[470, 138.45] AVG: 111.60
[471, 134.80] AVG: 112.29
[472, 133.45] AVG: 112.50
[473, 132.60] AVG: 110.58
[474, 132.55] AVG: 111.64
[475, 134.75] AVG: 112.17
[476, 131.05] AVG: 112.19
[477, 137.75] AVG: 112.39
[478, 138.35] AVG: 112.01
[479, 136.55] AVG: 111.76
[480, 137.95] AVG: 113.82
[481, 140.45] AVG: 114.30
[482, 136.25] AVG: 112.65
[483, 133.25] AVG: 111.81
[484, 142.65] AVG: 112.96
[485, 137.55] AVG: 111.63
[486, 139.60] AVG: 113.12
[487, 139.75] AVG: 112.93
[488, 134.45] AVG: 108.53
[489, 138.90] AVG: 112.85
[490, 136.35] AVG: 114.06
[491, 141.70] AVG: 112.34
[492, 135.30] AVG: 115.24
[493, 137.05] AVG: 113.02
[494, 138.53] AVG: 115.57
[495, 141.92] AVG: 113.83
[496, 140.40] AVG: 116.10
[497, 147.00] AVG: 116.83
[498, 135.30] AVG: 116.09
[499, 136.90] AVG: 116.14
[500, 137.65] AVG: 115.11
[501, 140.42] AVG: 115.84
[502, 137.05] AVG: 113.34
[503, 142.92] AVG: 114.83
[504, 135.20] AVG: 113.01
[505, 152.65] AVG: 115.33
[506, 140.25] AVG: 114.58
[507, 141.00] AVG: 116.20
[508, 144.95] AVG: 116.25
[509, 141.60] AVG: 115.72
[510, 138.80] AVG: 117.20
[511, 144.90] AVG: 114.64
[512, 138.90] AVG: 115.75
[513, 144.60] AVG: 117.87
[514, 141.30] AVG: 115.37
[515, 141.30] AVG: 117.38
[516, 138.05] AVG: 117.36
[517, 143.45] AVG: 118.79
[518, 147.55] AVG: 118.09
[519, 139.65] AVG: 117.36
[520, 141.15] AVG: 117.55
[521, 150.80] AVG: 118.10
[522, 148.80] AVG: 119.68
[523, 143.60] AVG: 115.41
[524, 140.35] AVG: 119.41
[525, 154.40] AVG: 117.81
[526, 144.80] AVG: 119.56
[527, 142.95] AVG: 117.41
[528, 142.10] AVG: 120.72
[529, 144.75] AVG: 118.20
[530, 143.30] AVG: 117.87
[531, 141.00] AVG: 117.00
[532, 137.00] AVG: 116.00
[533, 143.85] AVG: 117.77
[534, 144.90] AVG: 119.12
[535, 142.20] AVG: 115.94
[536, 139.83] AVG: 118.53
[537, 147.40] AVG: 117.48
[538, 149.70] AVG: 117.96
[539, 143.45] AVG: 118.12
[540, 139.30] AVG: 119.19
[541, 140.55] AVG: 118.53
[542, 147.90] AVG: 118.48
[543, 140.35] AVG: 118.53
[544, 146.79] AVG: 118.76
[545, 146.42] AVG: 120.31
[546, 141.78] AVG: 119.02
[547, 141.66] AVG: 119.95
[548, 140.75] AVG: 115.83
[549, 143.75] AVG: 120.35
[550, 147.35] AVG: 119.55
[551, 151.35] AVG: 121.51
[552, 148.45] AVG: 121.48
[553, 146.05] AVG: 119.83
[554, 143.05] AVG: 119.33
[555, 144.05] AVG: 120.91
[556, 145.40] AVG: 120.97
[557, 148.75] AVG: 117.84
[558, 146.60] AVG: 120.68
[559, 154.00] AVG: 121.44
[560, 159.60] AVG: 121.47
[561, 152.45] AVG: 124.98
[562, 153.55] AVG: 127.39
[563, 156.16] AVG: 129.66
[564, 157.80] AVG: 132.00
[565, 158.18] AVG: 129.37
[566, 159.21] AVG: 129.18
[567, 172.75] AVG: 131.58
[568, 153.00] AVG: 130.04
[569, 162.40] AVG: 131.25
[570, 161.30] AVG: 130.71
[571, 155.65] AVG: 132.55
[572, 158.55] AVG: 132.43
[573, 156.45] AVG: 128.46
[574, 160.95] AVG: 131.27
[575, 159.10] AVG: 131.40
[576, 159.70] AVG: 132.73
[577, 158.90] AVG: 132.21
[578, 163.20] AVG: 133.98
[579, 161.30] AVG: 131.87
[580, 161.20] AVG: 132.61
[581, 155.45] AVG: 131.64
[582, 159.59] AVG: 132.53
[583, 162.26] AVG: 131.86
[584, 157.85] AVG: 131.24
[585, 165.96] AVG: 133.78
[586, 156.70] AVG: 130.44
[587, 160.65] AVG: 130.20
[588, 167.14] AVG: 130.47
[589, 159.45] AVG: 132.26
[590, 164.80] AVG: 129.38
[591, 157.00] AVG: 126.34
[592, 159.45] AVG: 131.53
[593, 160.35] AVG: 132.08
[594, 159.45] AVG: 133.78
[595, 161.00] AVG: 134.71
[596, 180.10] AVG: 131.91
[597, 160.46] AVG: 132.36
[598, 167.95] AVG: 133.71
[599, 162.25] AVG: 134.64
[600, 170.79] AVG: 134.89
[601, 162.44] AVG: 135.16
[602, 163.49] AVG: 136.01
[603, 161.50] AVG: 137.18
[604, 159.08] AVG: 138.10
[605, 165.40] AVG: 137.53
[606, 163.55] AVG: 138.74
[607, 165.94] AVG: 138.50
[608, 167.50] AVG: 140.04
[609, 164.80] AVG: 138.94
[610, 162.80] AVG: 139.68
[611, 158.11] AVG: 134.79
[612, 166.05] AVG: 138.58
[613, 158.05] AVG: 137.55
[614, 162.72] AVG: 138.28
[615, 165.91] AVG: 136.46
[616, 168.80] AVG: 137.85
[617, 166.95] AVG: 137.30
[618, 163.07] AVG: 136.68
[619, 165.35] AVG: 137.47
[620, 172.35] AVG: 137.53
[621, 166.75] AVG: 138.52
[622, 168.58] AVG: 139.47
[623, 169.25] AVG: 139.36
[624, 164.25] AVG: 137.34
[625, 162.42] AVG: 140.36
[626, 166.50] AVG: 137.95
[627, 165.30] AVG: 139.95
[628, 165.64] AVG: 138.93
[629, 161.50] AVG: 138.97
[630, 169.45] AVG: 137.76
[631, 165.20] AVG: 136.79
[632, 167.25] AVG: 140.16
[633, 168.20] AVG: 137.96
[634, 161.75] AVG: 137.13
[635, 170.30] AVG: 140.67
[636, 164.42] AVG: 139.80
[637, 168.63] AVG: 137.83
[638, 165.80] AVG: 139.59
[639, 171.58] AVG: 140.96
[640, 162.80] AVG: 139.47
[641, 166.19] AVG: 139.49
[642, 164.58] AVG: 141.47
[643, 165.15] AVG: 138.07
[644, 167.15] AVG: 142.10
[645, 161.35] AVG: 137.83
[646, 160.70] AVG: 137.92
[647, 170.86] AVG: 140.78
[648, 170.85] AVG: 140.70
[649, 163.65] AVG: 139.97
[650, 163.45] AVG: 141.85
[651, 167.35] AVG: 138.75
[652, 158.30] AVG: 137.29
[653, 164.45] AVG: 136.46
[654, 158.95] AVG: 138.13
[655, 171.41] AVG: 140.03
[656, 169.90] AVG: 140.54
[657, 164.51] AVG: 140.67
[658, 160.65] AVG: 139.71
[659, 168.45] AVG: 141.63
[660, 165.35] AVG: 133.69
[661, 163.35] AVG: 140.77
[662, 167.45] AVG: 140.68
[663, 166.56] AVG: 138.90
[664, 164.51] AVG: 139.69
[665, 164.30] AVG: 142.32
[666, 167.23] AVG: 141.29
[667, 175.21] AVG: 141.35
[668, 166.60] AVG: 140.74
[669, 167.60] AVG: 138.29
[670, 163.45] AVG: 138.75
[671, 162.80] AVG: 139.13
[672, 166.45] AVG: 141.63
[673, 163.45] AVG: 139.22
[674, 163.85] AVG: 141.45
[675, 169.40] AVG: 136.58
[676, 164.94] AVG: 140.90
[677, 165.88] AVG: 139.62
[678, 170.25] AVG: 139.99
[679, 161.85] AVG: 140.47
[680, 171.95] AVG: 141.75
[681, 159.60] AVG: 140.10
[682, 163.56] AVG: 138.78
[683, 169.35] AVG: 142.37
[684, 158.35] AVG: 135.88
[685, 167.75] AVG: 140.97
[686, 166.10] AVG: 139.99
[687, 167.37] AVG: 140.60
